#
# There is insufficient memory for the Java Runtime Environment to continue.
# Native memory allocation (malloc) failed to allocate 274976 bytes for Chunk::new
# Possible reasons:
#   The system is out of physical RAM or swap space
#   In 32 bit mode, the process size limit was hit
# Possible solutions:
#   Reduce memory load on the system
#   Increase physical memory or swap space
#   Check if swap backing store is full
#   Use 64 bit Java on a 64 bit OS
#   Decrease Java heap size (-Xmx/-Xms)
#   Decrease number of Java threads
#   Decrease Java thread stack sizes (-Xss)
#   Set larger code cache with -XX:ReservedCodeCacheSize=
# This output file may be truncated or incomplete.
#
#  Out of Memory Error (allocation.cpp:390), pid=3168, tid=0x00000000000022a4
#
# JRE version: Java(TM) SE Runtime Environment (8.0_111-b14) (build 1.8.0_111-b14)
# Java VM: Java HotSpot(TM) 64-Bit Server VM (25.111-b14 mixed mode windows-amd64 compressed oops)
# Failed to write core dump. Minidumps are not enabled by default on client versions of Windows
#

---------------  T H R E A D  ---------------

Current thread (0x0000000054ba8800):  JavaThread "C2 CompilerThread1" daemon [_thread_in_native, id=8868, stack(0x0000000056a20000,0x0000000056b20000)]

Stack: [0x0000000056a20000,0x0000000056b20000]
[error occurred during error reporting (printing stack bounds), id 0xc0000005]

Native frames: (J=compiled Java code, j=interpreted, Vv=VM code, C=native code)


Current CompileTask:
C2: 196546 7698       4       java.lang.Class::getMethod (64 bytes)


---------------  P R O C E S S  ---------------

Java Threads: ( => current thread )
  0x000000005ad9c000 JavaThread "Forward streams with process: command 'D:\DEVEL\Java\jdk1.8.0_111\bin\java.exe' Thread 3" [_thread_in_native, id=7312, stack(0x0000000061390000,0x0000000061490000)]
  0x000000005b045800 JavaThread "Forward streams with process: command 'D:\DEVEL\Java\jdk1.8.0_111\bin\java.exe' Thread 2" [_thread_in_native, id=8796, stack(0x0000000060f70000,0x0000000061070000)]
  0x000000005b042800 JavaThread "Forward streams with process: command 'D:\DEVEL\Java\jdk1.8.0_111\bin\java.exe'" [_thread_blocked, id=7932, stack(0x0000000061200000,0x0000000061300000)]
  0x000000005b046000 JavaThread "Run command 'D:\DEVEL\Java\jdk1.8.0_111\bin\java.exe'" [_thread_in_native, id=8884, stack(0x00000000604d0000,0x00000000605d0000)]
  0x000000005ad9a800 JavaThread "Forward streams with process: command 'D:\DEVEL\Java\jdk1.8.0_111\bin\java.exe' Thread 3" [_thread_in_native, id=3696, stack(0x0000000061100000,0x0000000061200000)]
  0x000000005ad9b800 JavaThread "Forward streams with process: command 'D:\DEVEL\Java\jdk1.8.0_111\bin\java.exe' Thread 2" [_thread_in_native, id=5564, stack(0x0000000060a70000,0x0000000060b70000)]
  0x000000005b043000 JavaThread "Forward streams with process: command 'D:\DEVEL\Java\jdk1.8.0_111\bin\java.exe'" [_thread_blocked, id=4704, stack(0x0000000060220000,0x0000000060320000)]
  0x000000005b044800 JavaThread "Run command 'D:\DEVEL\Java\jdk1.8.0_111\bin\java.exe'" [_thread_in_native, id=7508, stack(0x0000000060900000,0x0000000060a00000)]
  0x000000005ad97000 JavaThread "Forward streams with process: command 'D:\DEVEL\Java\jdk1.8.0_111\bin\java.exe' Thread 3" [_thread_in_native, id=7684, stack(0x00000000605e0000,0x00000000606e0000)]
  0x000000005ad97800 JavaThread "Forward streams with process: command 'D:\DEVEL\Java\jdk1.8.0_111\bin\java.exe' Thread 2" [_thread_in_native, id=7900, stack(0x0000000060720000,0x0000000060820000)]
  0x000000005b044000 JavaThread "Forward streams with process: command 'D:\DEVEL\Java\jdk1.8.0_111\bin\java.exe'" [_thread_blocked, id=5756, stack(0x0000000060350000,0x0000000060450000)]
  0x000000005b048800 JavaThread "Run command 'D:\DEVEL\Java\jdk1.8.0_111\bin\java.exe'" [_thread_in_native, id=3892, stack(0x0000000060100000,0x0000000060200000)]
  0x000000005ad99000 JavaThread "Forward streams with process: command 'D:\DEVEL\Java\jdk1.8.0_111\bin\java.exe' Thread 3" [_thread_in_native, id=1392, stack(0x00000000619e0000,0x0000000061ae0000)]
  0x000000005ad9a000 JavaThread "Forward streams with process: command 'D:\DEVEL\Java\jdk1.8.0_111\bin\java.exe' Thread 2" [_thread_in_native, id=4360, stack(0x00000000618c0000,0x00000000619c0000)]
  0x000000005ad98800 JavaThread "Forward streams with process: command 'D:\DEVEL\Java\jdk1.8.0_111\bin\java.exe'" [_thread_blocked, id=6372, stack(0x00000000616f0000,0x00000000617f0000)]
  0x000000005b047800 JavaThread "Run command 'D:\DEVEL\Java\jdk1.8.0_111\bin\java.exe'" [_thread_in_native, id=8544, stack(0x0000000060bc0000,0x0000000060cc0000)]
  0x000000005b95c800 JavaThread "pool-1-thread-4" [_thread_blocked, id=2516, stack(0x000000005f570000,0x000000005f670000)]
  0x000000005c01b000 JavaThread "pool-1-thread-3" [_thread_blocked, id=5372, stack(0x000000005f9b0000,0x000000005fab0000)]
  0x000000005dd45800 JavaThread "pool-1-thread-2" [_thread_blocked, id=3648, stack(0x000000005f770000,0x000000005f870000)]
  0x00000000571f6800 JavaThread "pool-1-thread-1" [_thread_blocked, id=6516, stack(0x000000005f670000,0x000000005f770000)]
  0x0000000058242000 JavaThread "File lock request listener" [_thread_in_native, id=2816, stack(0x0000000057920000,0x0000000057a20000)]
  0x0000000056588800 JavaThread "Service Thread" daemon [_thread_blocked, id=4872, stack(0x0000000056dc0000,0x0000000056ec0000)]
  0x000000005654f800 JavaThread "C1 CompilerThread2" daemon [_thread_blocked, id=5568, stack(0x0000000056b30000,0x0000000056c30000)]
=>0x0000000054ba8800 JavaThread "C2 CompilerThread1" daemon [_thread_in_native, id=8868, stack(0x0000000056a20000,0x0000000056b20000)]
  0x0000000054ba3000 JavaThread "C2 CompilerThread0" daemon [_thread_blocked, id=8872, stack(0x0000000056410000,0x0000000056510000)]
  0x0000000054b9d800 JavaThread "Attach Listener" daemon [_thread_blocked, id=8812, stack(0x0000000056300000,0x0000000056400000)]
  0x0000000054bae000 JavaThread "Signal Dispatcher" daemon [_thread_blocked, id=8844, stack(0x0000000056120000,0x0000000056220000)]
  0x0000000054b89800 JavaThread "Finalizer" daemon [_thread_blocked, id=8848, stack(0x0000000055fc0000,0x00000000560c0000)]
  0x0000000054b42800 JavaThread "Reference Handler" daemon [_thread_blocked, id=7204, stack(0x0000000055dc0000,0x0000000055ec0000)]
  0x0000000001d6f000 JavaThread "main" [_thread_in_native, id=8924, stack(0x0000000001fc0000,0x00000000020c0000)]

Other Threads:
  0x0000000054b3b000 VMThread [stack: 0x0000000055c70000,0x0000000055d70000] [id=7884]
  0x000000005658e000 WatcherThread [stack: 0x0000000056f70000,0x0000000057070000] [id=3388]

VM state:not at safepoint (normal execution)

VM Mutex/Monitor currently owned by a thread: None

Heap:
 PSYoungGen      total 319488K, used 89299K [0x00000000eb400000, 0x0000000100000000, 0x0000000100000000)
  eden space 299008K, 26% used [0x00000000eb400000,0x00000000f01640a0,0x00000000fd800000)
  from space 20480K, 49% used [0x00000000fec00000,0x00000000ff5d0ef0,0x0000000100000000)
  to   space 20480K, 0% used [0x00000000fd800000,0x00000000fd800000,0x00000000fec00000)
 ParOldGen       total 84480K, used 52811K [0x00000000c1c00000, 0x00000000c6e80000, 0x00000000eb400000)
  object space 84480K, 62% used [0x00000000c1c00000,0x00000000c4f92c70,0x00000000c6e80000)
 Metaspace       used 51025K, capacity 53080K, committed 53376K, reserved 1095680K
  class space    used 6948K, capacity 7741K, committed 7808K, reserved 1048576K

Card table byte_map: [0x0000000011750000,0x0000000011950000] byte_map_base: 0x0000000011142000

Marking Bits: (ParMarkBitMap*) 0x000000005a83a6c0
 Begin Bits: [0x0000000012090000, 0x0000000013020000)
 End Bits:   [0x0000000013020000, 0x0000000013fb0000)

Polling page: 0x0000000000320000

CodeCache: size=245760Kb used=24450Kb max_used=24528Kb free=221309Kb
 bounds [0x0000000002390000, 0x0000000003bb0000, 0x0000000011390000]
 total_blobs=7339 nmethods=6614 adapters=636
 compilation: enabled

Compilation events (10 events):
Event: 196.281 Thread 0x000000005654f800 nmethod 7693 0x0000000002f01550 code [0x0000000002f01700, 0x0000000002f02038]
Event: 196.345 Thread 0x000000005654f800 7694       1       java.lang.StackTraceElement::getLineNumber (5 bytes)
Event: 196.345 Thread 0x000000005654f800 nmethod 7694 0x0000000002741490 code [0x00000000027415e0, 0x00000000027416f0]
Event: 196.345 Thread 0x000000005654f800 7695       1       java.lang.StackTraceElement::getFileName (5 bytes)
Event: 196.345 Thread 0x000000005654f800 nmethod 7695 0x0000000002f01290 code [0x0000000002f013e0, 0x0000000002f014f0]
Event: 196.360 Thread 0x000000005654f800 7696       1       java.lang.StackTraceElement::getClassName (5 bytes)
Event: 196.360 Thread 0x000000005654f800 nmethod 7696 0x0000000002f00fd0 code [0x0000000002f01120, 0x0000000002f01230]
Event: 196.439 Thread 0x000000005654f800 7697       3       org.gradle.logging.internal.AbstractLineChoppingStyledTextOutput::doAppend (142 bytes)
Event: 196.440 Thread 0x000000005654f800 nmethod 7697 0x0000000002effc90 code [0x0000000002effea0, 0x0000000002f00ad8]
Event: 196.484 Thread 0x0000000054ba8800 7698       4       java.lang.Class::getMethod (64 bytes)

GC Heap History (10 events):
Event: 122.042 GC heap before
{Heap before GC invocations=19 (full 1):
 PSYoungGen      total 208896K, used 82098K [0x00000000eb400000, 0x00000000fd980000, 0x0000000100000000)
  eden space 200704K, 36% used [0x00000000eb400000,0x00000000efc332d8,0x00000000f7800000)
  from space 8192K, 99% used [0x00000000f7800000,0x00000000f7ff97c8,0x00000000f8000000)
  to   space 11264K, 0% used [0x00000000fce80000,0x00000000fce80000,0x00000000fd980000)
 ParOldGen       total 31232K, used 20828K [0x00000000c1c00000, 0x00000000c3a80000, 0x00000000eb400000)
  object space 31232K, 66% used [0x00000000c1c00000,0x00000000c3057168,0x00000000c3a80000)
 Metaspace       used 34158K, capacity 35400K, committed 35496K, reserved 1079296K
  class space    used 4563K, capacity 5034K, committed 5120K, reserved 1048576K
Event: 122.055 GC heap after
Heap after GC invocations=19 (full 1):
 PSYoungGen      total 288256K, used 1328K [0x00000000eb400000, 0x00000000fd880000, 0x0000000100000000)
  eden space 278016K, 0% used [0x00000000eb400000,0x00000000eb400000,0x00000000fc380000)
  from space 10240K, 12% used [0x00000000fce80000,0x00000000fcfcc010,0x00000000fd880000)
  to   space 10752K, 0% used [0x00000000fc380000,0x00000000fc380000,0x00000000fce00000)
 ParOldGen       total 31232K, used 27934K [0x00000000c1c00000, 0x00000000c3a80000, 0x00000000eb400000)
  object space 31232K, 89% used [0x00000000c1c00000,0x00000000c37478f8,0x00000000c3a80000)
 Metaspace       used 34158K, capacity 35400K, committed 35496K, reserved 1079296K
  class space    used 4563K, capacity 5034K, committed 5120K, reserved 1048576K
}
Event: 122.061 GC heap before
{Heap before GC invocations=20 (full 2):
 PSYoungGen      total 288256K, used 1328K [0x00000000eb400000, 0x00000000fd880000, 0x0000000100000000)
  eden space 278016K, 0% used [0x00000000eb400000,0x00000000eb400000,0x00000000fc380000)
  from space 10240K, 12% used [0x00000000fce80000,0x00000000fcfcc010,0x00000000fd880000)
  to   space 10752K, 0% used [0x00000000fc380000,0x00000000fc380000,0x00000000fce00000)
 ParOldGen       total 31232K, used 27934K [0x00000000c1c00000, 0x00000000c3a80000, 0x00000000eb400000)
  object space 31232K, 89% used [0x00000000c1c00000,0x00000000c37478f8,0x00000000c3a80000)
 Metaspace       used 34158K, capacity 35400K, committed 35496K, reserved 1079296K
  class space    used 4563K, capacity 5034K, committed 5120K, reserved 1048576K
Event: 122.389 GC heap after
Heap after GC invocations=20 (full 2):
 PSYoungGen      total 288256K, used 0K [0x00000000eb400000, 0x00000000fd880000, 0x0000000100000000)
  eden space 278016K, 0% used [0x00000000eb400000,0x00000000eb400000,0x00000000fc380000)
  from space 10240K, 0% used [0x00000000fce80000,0x00000000fce80000,0x00000000fd880000)
  to   space 10752K, 0% used [0x00000000fc380000,0x00000000fc380000,0x00000000fce00000)
 ParOldGen       total 49152K, used 22936K [0x00000000c1c00000, 0x00000000c4c00000, 0x00000000eb400000)
  object space 49152K, 46% used [0x00000000c1c00000,0x00000000c3266268,0x00000000c4c00000)
 Metaspace       used 33994K, capacity 34930K, committed 35496K, reserved 1079296K
  class space    used 4528K, capacity 4896K, committed 5120K, reserved 1048576K
}
Event: 134.708 GC heap before
{Heap before GC invocations=21 (full 2):
 PSYoungGen      total 288256K, used 278016K [0x00000000eb400000, 0x00000000fd880000, 0x0000000100000000)
  eden space 278016K, 100% used [0x00000000eb400000,0x00000000fc380000,0x00000000fc380000)
  from space 10240K, 0% used [0x00000000fce80000,0x00000000fce80000,0x00000000fd880000)
  to   space 10752K, 0% used [0x00000000fc380000,0x00000000fc380000,0x00000000fce00000)
 ParOldGen       total 49152K, used 22936K [0x00000000c1c00000, 0x00000000c4c00000, 0x00000000eb400000)
  object space 49152K, 46% used [0x00000000c1c00000,0x00000000c3266268,0x00000000c4c00000)
 Metaspace       used 44259K, capacity 45780K, committed 45952K, reserved 1089536K
  class space    used 6074K, capacity 6685K, committed 6784K, reserved 1048576K
Event: 134.749 GC heap after
Heap after GC invocations=21 (full 2):
 PSYoungGen      total 288768K, used 10720K [0x00000000eb400000, 0x0000000100000000, 0x0000000100000000)
  eden space 278016K, 0% used [0x00000000eb400000,0x00000000eb400000,0x00000000fc380000)
  from space 10752K, 99% used [0x00000000fc380000,0x00000000fcdf8010,0x00000000fce00000)
  to   space 20480K, 0% used [0x00000000fec00000,0x00000000fec00000,0x0000000100000000)
 ParOldGen       total 49152K, used 43989K [0x00000000c1c00000, 0x00000000c4c00000, 0x00000000eb400000)
  object space 49152K, 89% used [0x00000000c1c00000,0x00000000c46f54a0,0x00000000c4c00000)
 Metaspace       used 44259K, capacity 45780K, committed 45952K, reserved 1089536K
  class space    used 6074K, capacity 6685K, committed 6784K, reserved 1048576K
}
Event: 134.749 GC heap before
{Heap before GC invocations=22 (full 3):
 PSYoungGen      total 288768K, used 10720K [0x00000000eb400000, 0x0000000100000000, 0x0000000100000000)
  eden space 278016K, 0% used [0x00000000eb400000,0x00000000eb400000,0x00000000fc380000)
  from space 10752K, 99% used [0x00000000fc380000,0x00000000fcdf8010,0x00000000fce00000)
  to   space 20480K, 0% used [0x00000000fec00000,0x00000000fec00000,0x0000000100000000)
 ParOldGen       total 49152K, used 43989K [0x00000000c1c00000, 0x00000000c4c00000, 0x00000000eb400000)
  object space 49152K, 89% used [0x00000000c1c00000,0x00000000c46f54a0,0x00000000c4c00000)
 Metaspace       used 44259K, capacity 45780K, committed 45952K, reserved 1089536K
  class space    used 6074K, capacity 6685K, committed 6784K, reserved 1048576K
Event: 135.320 GC heap after
Heap after GC invocations=22 (full 3):
 PSYoungGen      total 288768K, used 4053K [0x00000000eb400000, 0x0000000100000000, 0x0000000100000000)
  eden space 278016K, 0% used [0x00000000eb400000,0x00000000eb400000,0x00000000fc380000)
  from space 10752K, 37% used [0x00000000fc380000,0x00000000fc775688,0x00000000fce00000)
  to   space 20480K, 0% used [0x00000000fec00000,0x00000000fec00000,0x0000000100000000)
 ParOldGen       total 84480K, used 48709K [0x00000000c1c00000, 0x00000000c6e80000, 0x00000000eb400000)
  object space 84480K, 57% used [0x00000000c1c00000,0x00000000c4b91720,0x00000000c6e80000)
 Metaspace       used 44191K, capacity 45678K, committed 45952K, reserved 1089536K
  class space    used 6063K, capacity 6651K, committed 6784K, reserved 1048576K
}
Event: 143.000 GC heap before
{Heap before GC invocations=23 (full 3):
 PSYoungGen      total 288768K, used 282069K [0x00000000eb400000, 0x0000000100000000, 0x0000000100000000)
  eden space 278016K, 100% used [0x00000000eb400000,0x00000000fc380000,0x00000000fc380000)
  from space 10752K, 37% used [0x00000000fc380000,0x00000000fc775688,0x00000000fce00000)
  to   space 20480K, 0% used [0x00000000fec00000,0x00000000fec00000,0x0000000100000000)
 ParOldGen       total 84480K, used 48709K [0x00000000c1c00000, 0x00000000c6e80000, 0x00000000eb400000)
  object space 84480K, 57% used [0x00000000c1c00000,0x00000000c4b91720,0x00000000c6e80000)
 Metaspace       used 50915K, capacity 52916K, committed 53120K, reserved 1095680K
  class space    used 6937K, capacity 7735K, committed 7808K, reserved 1048576K
Event: 143.050 GC heap after
Heap after GC invocations=23 (full 3):
 PSYoungGen      total 319488K, used 10051K [0x00000000eb400000, 0x0000000100000000, 0x0000000100000000)
  eden space 299008K, 0% used [0x00000000eb400000,0x00000000eb400000,0x00000000fd800000)
  from space 20480K, 49% used [0x00000000fec00000,0x00000000ff5d0ef0,0x0000000100000000)
  to   space 20480K, 0% used [0x00000000fd800000,0x00000000fd800000,0x00000000fec00000)
 ParOldGen       total 84480K, used 52811K [0x00000000c1c00000, 0x00000000c6e80000, 0x00000000eb400000)
  object space 84480K, 62% used [0x00000000c1c00000,0x00000000c4f92c70,0x00000000c6e80000)
 Metaspace       used 50915K, capacity 52916K, committed 53120K, reserved 1095680K
  class space    used 6937K, capacity 7735K, committed 7808K, reserved 1048576K
}

Deoptimization events (10 events):
Event: 142.776 Thread 0x000000005c01b000 Uncommon trap: reason=unstable_if action=reinterpret pc=0x00000000024b9a5c method=groovy.lang.MetaClassImpl.findPropertyMethod(Ljava/lang/Object;ZZ)Lgroovy/lang/MetaMethod; @ 95
Event: 142.813 Thread 0x000000005b95c800 Uncommon trap: reason=unstable_if action=reinterpret pc=0x0000000002bca36c method=java.util.concurrent.ConcurrentHashMap.putVal(Ljava/lang/Object;Ljava/lang/Object;Z)Ljava/lang/Object; @ 98
Event: 143.051 Thread 0x0000000054b89800 Uncommon trap: reason=unstable_if action=reinterpret pc=0x0000000002c62200 method=java.util.HashMap$HashIterator.<init>(Ljava/util/HashMap;)V @ 45
Event: 143.051 Thread 0x0000000054b89800 Uncommon trap: reason=unstable_if action=reinterpret pc=0x0000000002d1fb8c method=java.util.HashMap$HashIterator.<init>(Ljava/util/HashMap;)V @ 45
Event: 144.710 Thread 0x00000000571f6800 Uncommon trap: reason=unstable_if action=reinterpret pc=0x00000000039c66f4 method=java.lang.ThreadLocal$ThreadLocalMap.getEntry(Ljava/lang/ThreadLocal;)Ljava/lang/ThreadLocal$ThreadLocalMap$Entry; @ 29
Event: 144.710 Thread 0x00000000571f6800 Uncommon trap: reason=unstable_if action=reinterpret pc=0x00000000039d6468 method=java.lang.ThreadLocal$ThreadLocalMap.getEntry(Ljava/lang/ThreadLocal;)Ljava/lang/ThreadLocal$ThreadLocalMap$Entry; @ 29
Event: 145.967 Thread 0x000000005c01b000 Uncommon trap: reason=unstable_if action=reinterpret pc=0x0000000002d4267c method=java.lang.ThreadLocal$ThreadLocalMap.getEntry(Ljava/lang/ThreadLocal;)Ljava/lang/ThreadLocal$ThreadLocalMap$Entry; @ 29
Event: 145.967 Thread 0x000000005c01b000 Uncommon trap: reason=unstable_if action=reinterpret pc=0x0000000002d412cc method=java.lang.ThreadLocal$ThreadLocalMap.getEntry(Ljava/lang/ThreadLocal;)Ljava/lang/ThreadLocal$ThreadLocalMap$Entry; @ 29
Event: 152.533 Thread 0x000000005dd45800 Uncommon trap: reason=null_assert action=make_not_entrant pc=0x00000000031f899c method=java.util.zip.ZipEntry.setExtra0([BZ)V @ 269
Event: 196.205 Thread 0x0000000001d6f000 Uncommon trap: reason=class_check action=maybe_recompile pc=0x00000000027986ac method=java.lang.Throwable.<init>(Ljava/lang/String;Ljava/lang/Throwable;)V @ 24

Internal exceptions (10 events):
Event: 142.786 Thread 0x00000000571f6800 Exception <a 'java/lang/ClassNotFoundException': com/google/common/hash/HashCodeBeanInfo> (0x00000000ec798ac8) thrown at [C:\re\workspace\8-2-build-windows-amd64-cygwin\jdk8u111\7883\hotspot\src\share\vm\classfile\systemDictionary.cpp, line 210]
Event: 142.786 Thread 0x00000000571f6800 Exception <a 'java/lang/ClassNotFoundException': com/google/common/hash/HashCodeCustomizer> (0x00000000ec7a1798) thrown at [C:\re\workspace\8-2-build-windows-amd64-cygwin\jdk8u111\7883\hotspot\src\share\vm\classfile\systemDictionary.cpp, line 210]
Event: 142.787 Thread 0x00000000571f6800 Exception <a 'java/lang/ClassNotFoundException': com/google/common/hash/HashCode$BytesHashCodeCustomizer> (0x00000000ec7b3730) thrown at [C:\re\workspace\8-2-build-windows-amd64-cygwin\jdk8u111\7883\hotspot\src\share\vm\classfile\systemDictionary.cpp, lin
Event: 142.797 Thread 0x000000005c01b000 Exception <a 'java/lang/ClassNotFoundException': com/google/common/base/CharsetsBeanInfo> (0x00000000ec479440) thrown at [C:\re\workspace\8-2-build-windows-amd64-cygwin\jdk8u111\7883\hotspot\src\share\vm\classfile\systemDictionary.cpp, line 210]
Event: 142.797 Thread 0x000000005c01b000 Exception <a 'java/lang/ClassNotFoundException': com/google/common/base/CharsetsCustomizer> (0x00000000ec482110) thrown at [C:\re\workspace\8-2-build-windows-amd64-cygwin\jdk8u111\7883\hotspot\src\share\vm\classfile\systemDictionary.cpp, line 210]
Event: 142.799 Thread 0x00000000571f6800 Exception <a 'java/lang/ClassNotFoundException': com/google/common/hash/MessageDigestHashFunctionBeanInfo> (0x00000000ec7db6f8) thrown at [C:\re\workspace\8-2-build-windows-amd64-cygwin\jdk8u111\7883\hotspot\src\share\vm\classfile\systemDictionary.cpp, li
Event: 142.799 Thread 0x00000000571f6800 Exception <a 'java/lang/ClassNotFoundException': com/google/common/hash/AbstractStreamingHashFunctionBeanInfo> (0x00000000ec7e6af8) thrown at [C:\re\workspace\8-2-build-windows-amd64-cygwin\jdk8u111\7883\hotspot\src\share\vm\classfile\systemDictionary.cpp
Event: 142.799 Thread 0x00000000571f6800 Exception <a 'java/lang/ClassNotFoundException': com/google/common/hash/AbstractStreamingHashFunctionCustomizer> (0x00000000ec7f2190) thrown at [C:\re\workspace\8-2-build-windows-amd64-cygwin\jdk8u111\7883\hotspot\src\share\vm\classfile\systemDictionary.c
Event: 142.800 Thread 0x00000000571f6800 Exception <a 'java/lang/ClassNotFoundException': com/google/common/hash/MessageDigestHashFunctionCustomizer> (0x00000000ec804ca0) thrown at [C:\re\workspace\8-2-build-windows-amd64-cygwin\jdk8u111\7883\hotspot\src\share\vm\classfile\systemDictionary.cpp, 
Event: 196.204 Thread 0x0000000001d6f000 Exception <a 'java/lang/reflect/InvocationTargetException'> (0x00000000efa88050) thrown at [C:\re\workspace\8-2-build-windows-amd64-cygwin\jdk8u111\7883\hotspot\src\share\vm\runtime\reflection.cpp, line 1092]

Events (10 events):
Event: 196.369 loading class org/gradle/logging/internal/BufferingStyledTextOutput$1 done
Event: 196.370 Thread 0x000000005b047000 Thread exited: 0x000000005b047000
Event: 196.371 loading class org/gradle/logging/internal/AbstractStyledTextOutput$StyleOverrideTextOutput
Event: 196.371 loading class org/gradle/logging/internal/AbstractStyledTextOutput$StyleOverrideTextOutput done
Event: 196.374 loading class org/gradle/logging/internal/BufferingStyledTextOutput$ChangeStyleAction
Event: 196.374 loading class org/gradle/logging/internal/BufferingStyledTextOutput$ChangeStyleAction done
Event: 196.377 loading class org/gradle/logging/internal/LinePrefixingStyledTextOutput
Event: 196.377 loading class org/gradle/logging/internal/LinePrefixingStyledTextOutput done
Event: 196.377 Executing VM operation: Deoptimize
Event: 196.378 Executing VM operation: Deoptimize done


Dynamic libraries:
0x000000013fe40000 - 0x000000013fe77000 	D:\DEVEL\Java\jdk1.8.0_111\bin\java.exe
0x00000000770c0000 - 0x000000007726a000 	C:\Windows\SYSTEM32\ntdll.dll
0x0000000076fa0000 - 0x00000000770bf000 	C:\Windows\system32\kernel32.dll
0x000007fefce30000 - 0x000007fefce9a000 	C:\Windows\system32\KERNELBASE.dll
0x000007fefeb00000 - 0x000007fefebdb000 	C:\Windows\system32\ADVAPI32.dll
0x000007fefd9e0000 - 0x000007fefda7f000 	C:\Windows\system32\msvcrt.dll
0x000007feff0b0000 - 0x000007feff0cf000 	C:\Windows\SYSTEM32\sechost.dll
0x000007fefd8a0000 - 0x000007fefd9cd000 	C:\Windows\system32\RPCRT4.dll
0x0000000076ea0000 - 0x0000000076f9a000 	C:\Windows\system32\USER32.dll
0x000007fefd1b0000 - 0x000007fefd217000 	C:\Windows\system32\GDI32.dll
0x000007fefe9d0000 - 0x000007fefe9de000 	C:\Windows\system32\LPK.dll
0x000007fefd6d0000 - 0x000007fefd79a000 	C:\Windows\system32\USP10.dll
0x000007fefb800000 - 0x000007fefb9f4000 	C:\Windows\WinSxS\amd64_microsoft.windows.common-controls_6595b64144ccf1df_6.0.7601.18837_none_fa3b1e3d17594757\COMCTL32.dll
0x000007fefdb90000 - 0x000007fefdc01000 	C:\Windows\system32\SHLWAPI.dll
0x000007fefdc10000 - 0x000007fefdc3e000 	C:\Windows\system32\IMM32.DLL
0x000007fefda80000 - 0x000007fefdb89000 	C:\Windows\system32\MSCTF.dll
0x000000005a8c0000 - 0x000000005a992000 	D:\DEVEL\Java\jdk1.8.0_111\jre\bin\msvcr100.dll
0x000000005a020000 - 0x000000005a8ba000 	D:\DEVEL\Java\jdk1.8.0_111\jre\bin\server\jvm.dll
0x000007fef8210000 - 0x000007fef8219000 	C:\Windows\system32\WSOCK32.dll
0x000007fefebe0000 - 0x000007fefec2d000 	C:\Windows\system32\WS2_32.dll
0x000007fefd9d0000 - 0x000007fefd9d8000 	C:\Windows\system32\NSI.dll
0x000007fefac50000 - 0x000007fefac8b000 	C:\Windows\system32\WINMM.dll
0x000007fefbe90000 - 0x000007fefbe9c000 	C:\Windows\system32\VERSION.dll
0x0000000077290000 - 0x0000000077297000 	C:\Windows\system32\PSAPI.DLL
0x000000006a600000 - 0x000000006a60f000 	D:\DEVEL\Java\jdk1.8.0_111\jre\bin\verify.dll
0x000000006a530000 - 0x000000006a559000 	D:\DEVEL\Java\jdk1.8.0_111\jre\bin\java.dll
0x000000006a570000 - 0x000000006a586000 	D:\DEVEL\Java\jdk1.8.0_111\jre\bin\zip.dll
0x000007fefdc40000 - 0x000007fefe9ca000 	C:\Windows\system32\SHELL32.dll
0x000007fefedc0000 - 0x000007fefefc3000 	C:\Windows\system32\ole32.dll
0x000007fefcdf0000 - 0x000007fefcdff000 	C:\Windows\system32\profapi.dll
0x0000000064c20000 - 0x0000000064c3a000 	D:\DEVEL\Java\jdk1.8.0_111\jre\bin\net.dll
0x000007fefc590000 - 0x000007fefc5e5000 	C:\Windows\system32\mswsock.dll
0x000007fefc580000 - 0x000007fefc587000 	C:\Windows\System32\wship6.dll
0x0000000061e70000 - 0x0000000061e81000 	D:\DEVEL\Java\jdk1.8.0_111\jre\bin\nio.dll
0x000007fef7db0000 - 0x000007fef7dc2000 	C:\Users\1\.gradle\native\19\windows-amd64\native-platform.dll
0x0000000180000000 - 0x0000000180037000 	C:\Users\1\.gradle\native\jna\win32-amd64\jnidispatch.dll
0x000007fefc5f0000 - 0x000007fefc608000 	C:\Windows\system32\CRYPTSP.dll
0x000007fefc2f0000 - 0x000007fefc337000 	C:\Windows\system32\rsaenh.dll
0x000007fefd190000 - 0x000007fefd1ae000 	C:\Windows\system32\USERENV.dll
0x000007fefcc90000 - 0x000007fefcc9f000 	C:\Windows\system32\CRYPTBASE.dll
0x000007fef9fc0000 - 0x000007fef9fe7000 	C:\Windows\system32\IPHLPAPI.DLL
0x000007fef9fb0000 - 0x000007fef9fbb000 	C:\Windows\system32\WINNSI.DLL
0x000007fef9dc0000 - 0x000007fef9dd8000 	C:\Windows\system32\dhcpcsvc.DLL
0x000007fef9da0000 - 0x000007fef9db1000 	C:\Windows\system32\dhcpcsvc6.DLL
0x0000000064e40000 - 0x0000000064e4d000 	D:\DEVEL\Java\jdk1.8.0_111\jre\bin\management.dll
0x000007fefcc30000 - 0x000007fefcc87000 	C:\Windows\system32\apphelp.dll

VM Arguments:
jvm_args: -Dorg.gradle.appname=gradlew 
java_command: org.gradle.wrapper.GradleWrapperMain installDebug
java_class_path (initial): D:\fscd\android\\gradle\wrapper\gradle-wrapper.jar
Launcher Type: SUN_STANDARD

Environment Variables:
JAVA_HOME=D:\DEVEL\Java\jdk1.8.0_111
CLASSPATH=D:\fscd\android\\gradle\wrapper\gradle-wrapper.jar
PATH=C:\ProgramData\Oracle\Java\javapath;D:\DEVEL\Tools\Git\cmd;D:\DEVEL\ROR\RailsInstaller\Ruby2.0.0\bin;D:\DEVEL\CodeGear 2009\RAD Studio\6.0\bin;C:\Users\Public\Documents\RAD Studio\6.0\Bpl;C:\Program Files (x86)\Intel\iCLS Client\;C:\Program Files\Intel\iCLS Client\;C:\Program Files\Common Files\Microsoft Shared\Windows Live;C:\Program Files (x86)\Common Files\Microsoft Shared\Windows Live;C:\Windows\system32;C:\Windows;C:\Windows\System32\Wbem;C:\Windows\System32\WindowsPowerShell\v1.0\;C:\Program Files (x86)\Windows Live\Shared;C:\Program Files\Intel\Intel(R) Management Engine Components\DAL;C:\Program Files\Intel\Intel(R) Management Engine Components\IPT;C:\Program Files (x86)\Intel\Intel(R) Management Engine Components\DAL;C:\Program Files (x86)\Intel\Intel(R) Management Engine Components\IPT;C:\Program Files (x86)\Intel\OpenCL SDK\2.0\bin\x86;C:\Program Files (x86)\Intel\OpenCL SDK\2.0\bin\x64;C:\Program Files\Intel\WiFi\bin\;C:\Program Files\Common Files\Intel\WirelessCommon\;D:\Delphi2009\CodeGear\Delphi Prism\bin;D:\Delphi2009\CodeGear\Delphi Prism\bin;D:\DEVEL\CodeGear\Delphi Prism\bin;D:\DEVEL\CodeGear\Delphi Prism\bin;;D:\DEVEL\CodeGear 2009\Components\EurekaLog 6\Delphi12;D:\DEVEL\CodeGear 2009\Components\EurekaLog 6\CBuilder12;C:\Program Files (x86)\Microsoft SQL Server\100\Tools\Binn\;C:\Program Files (x86)\Microsoft SQL Server\100\DTS\Binn\;C:\Program Files (x86)\Skype\Phone\;D:\DEVEL\Java\jdk1.8.0_111\bin;D:\DEVEL\Android\sdk\platform-tools;D:\Program Files\Yarn\bin;C:\Program Files\nodejs\;D:\DEVEL\Tools\Heroku\bin;C:\Users\Public\Documents\RAD Studio\6.0\Bpl;C:\Program Files (x86)\OpenVPN\bin;C:\Users\1\AppData\Local\Yarn\.bin;C:\Users\1\AppData\Roaming\npm
USERNAME=1
OS=Windows_NT
PROCESSOR_IDENTIFIER=Intel64 Family 6 Model 58 Stepping 9, GenuineIntel



---------------  S Y S T E M  ---------------

OS: Windows 7 , 64 bit Build 7601 (6.1.7601.23572)

CPU:total 4 (2 cores per cpu, 2 threads per core) family 6 model 58 stepping 9, cmov, cx8, fxsr, mmx, sse, sse2, sse3, ssse3, sse4.1, sse4.2, popcnt, avx, aes, clmul, erms, ht, tsc, tscinvbit, tscinv

Memory: 4k page, physical 4077224k(207900k free), swap 8258688k(4956k free)

vm_info: Java HotSpot(TM) 64-Bit Server VM (25.111-b14) for windows-amd64 JRE (1.8.0_111-b14), built on Sep 22 2016 19:24:05 by "java_re" with MS VC++ 10.0 (VS2010)

time: Wed Jan 18 18:41:31 2017
elapsed time: 196 seconds (0d 0h 3m 16s)

