#
# There is insufficient memory for the Java Runtime Environment to continue.
# Native memory allocation (malloc) failed to allocate 383296 bytes for Chunk::new
# Possible reasons:
#   The system is out of physical RAM or swap space
#   In 32 bit mode, the process size limit was hit
# Possible solutions:
#   Reduce memory load on the system
#   Increase physical memory or swap space
#   Check if swap backing store is full
#   Use 64 bit Java on a 64 bit OS
#   Decrease Java heap size (-Xmx/-Xms)
#   Decrease number of Java threads
#   Decrease Java thread stack sizes (-Xss)
#   Set larger code cache with -XX:ReservedCodeCacheSize=
# This output file may be truncated or incomplete.
#
#  Out of Memory Error (allocation.cpp:390), pid=5352, tid=0x00000000000019cc
#
# JRE version: Java(TM) SE Runtime Environment (8.0_111-b14) (build 1.8.0_111-b14)
# Java VM: Java HotSpot(TM) 64-Bit Server VM (25.111-b14 mixed mode windows-amd64 compressed oops)
# Failed to write core dump. Minidumps are not enabled by default on client versions of Windows
#

---------------  T H R E A D  ---------------

Current thread (0x000000005624b000):  JavaThread "C2 CompilerThread1" daemon [_thread_in_native, id=6604, stack(0x0000000056c30000,0x0000000056d30000)]

Stack: [0x0000000056c30000,0x0000000056d30000]
[error occurred during error reporting (printing stack bounds), id 0xc0000005]

Native frames: (J=compiled Java code, j=interpreted, Vv=VM code, C=native code)


Current CompileTask:
C2:   7416 1645       4       com.android.dx.ssa.LocalVariableExtractor::processBlock (383 bytes)


---------------  P R O C E S S  ---------------

Java Threads: ( => current thread )
  0x0000000056505000 JavaThread "pool-1-thread-4" [_thread_blocked, id=7568, stack(0x0000000057680000,0x0000000057780000)]
  0x0000000056504800 JavaThread "pool-1-thread-3" [_thread_blocked, id=7012, stack(0x0000000057520000,0x0000000057620000)]
  0x0000000056503000 JavaThread "pool-1-thread-2" [_thread_blocked, id=8360, stack(0x00000000569c0000,0x0000000056ac0000)]
  0x0000000056501800 JavaThread "pool-2-thread-1" [_thread_blocked, id=5900, stack(0x0000000057350000,0x0000000057450000)]
  0x00000000564ff000 JavaThread "pool-1-thread-1" [_thread_blocked, id=5752, stack(0x00000000571d0000,0x00000000572d0000)]
  0x000000005629e800 JavaThread "Service Thread" daemon [_thread_blocked, id=4012, stack(0x0000000056e40000,0x0000000056f40000)]
  0x000000005629b800 JavaThread "C1 CompilerThread2" daemon [_thread_blocked, id=5528, stack(0x0000000056040000,0x0000000056140000)]
=>0x000000005624b000 JavaThread "C2 CompilerThread1" daemon [_thread_in_native, id=6604, stack(0x0000000056c30000,0x0000000056d30000)]
  0x0000000056245800 JavaThread "C2 CompilerThread0" daemon [_thread_in_native, id=8564, stack(0x0000000056ac0000,0x0000000056bc0000)]
  0x0000000054f04800 JavaThread "Attach Listener" daemon [_thread_blocked, id=8496, stack(0x00000000568b0000,0x00000000569b0000)]
  0x0000000054f03800 JavaThread "Signal Dispatcher" daemon [_thread_blocked, id=7672, stack(0x00000000566a0000,0x00000000567a0000)]
  0x0000000054eea000 JavaThread "Finalizer" daemon [_thread_blocked, id=4880, stack(0x0000000056140000,0x0000000056240000)]
  0x0000000054ea2800 JavaThread "Reference Handler" daemon [_thread_blocked, id=2676, stack(0x0000000055ce0000,0x0000000055de0000)]
  0x0000000001fff000 JavaThread "main" [_thread_blocked, id=3432, stack(0x00000000022f0000,0x00000000023f0000)]

Other Threads:
  0x0000000054e9b000 VMThread [stack: 0x0000000055e90000,0x0000000055f90000] [id=4464]
  0x00000000562a3000 WatcherThread [stack: 0x0000000056f40000,0x0000000057040000] [id=9004]

VM state:not at safepoint (normal execution)

VM Mutex/Monitor currently owned by a thread: None

Heap:
 PSYoungGen      total 35328K, used 12005K [0x00000000eab00000, 0x00000000ed000000, 0x0000000100000000)
  eden space 32768K, 28% used [0x00000000eab00000,0x00000000eb441490,0x00000000ecb00000)
  from space 2560K, 98% used [0x00000000ecb00000,0x00000000ecd78048,0x00000000ecd80000)
  to   space 2560K, 0% used [0x00000000ecd80000,0x00000000ecd80000,0x00000000ed000000)
 ParOldGen       total 44032K, used 9203K [0x00000000c0000000, 0x00000000c2b00000, 0x00000000eab00000)
  object space 44032K, 20% used [0x00000000c0000000,0x00000000c08fcfc8,0x00000000c2b00000)
 Metaspace       used 6362K, capacity 7128K, committed 7424K, reserved 1056768K
  class space    used 621K, capacity 656K, committed 768K, reserved 1048576K

Card table byte_map: [0x0000000011a80000,0x0000000011c90000] byte_map_base: 0x0000000011480000

Marking Bits: (ParMarkBitMap*) 0x000000005a83a6c0
 Begin Bits: [0x0000000012310000, 0x0000000013310000)
 End Bits:   [0x0000000013310000, 0x0000000014310000)

Polling page: 0x0000000000110000

CodeCache: size=245760Kb used=7310Kb max_used=7320Kb free=238449Kb
 bounds [0x00000000026c0000, 0x0000000002df0000, 0x00000000116c0000]
 total_blobs=1971 nmethods=1699 adapters=185
 compilation: enabled

Compilation events (10 events):
Event: 7.323 Thread 0x0000000056245800 nmethod 1686 0x0000000002de6c50 code [0x0000000002de6e40, 0x0000000002de7770]
Event: 7.323 Thread 0x0000000056245800 1698       4       com.android.dx.cf.code.RopperMachine::getSources (264 bytes)
Event: 7.328 Thread 0x000000005629b800 1707       3       com.android.dx.dex.file.AnnotationItem::<init> (41 bytes)
Event: 7.329 Thread 0x000000005629b800 nmethod 1707 0x0000000002de6290 code [0x0000000002de6440, 0x0000000002de6a38]
Event: 7.329 Thread 0x000000005629b800 1708       3       com.android.dx.rop.annotation.Annotation::getNameValuePairs (11 bytes)
Event: 7.330 Thread 0x000000005629b800 nmethod 1708 0x0000000002de5790 code [0x0000000002de5940, 0x0000000002de5f48]
Event: 7.344 Thread 0x0000000056245800 nmethod 1698 0x0000000002dea810 code [0x0000000002deaa00, 0x0000000002deb4b8]
Event: 7.344 Thread 0x0000000056245800 1705       4       com.android.dx.cf.code.BaseMachine::storeResults (90 bytes)
Event: 7.353 Thread 0x0000000056245800 nmethod 1705 0x0000000002dec410 code [0x0000000002dec5a0, 0x0000000002deca98]
Event: 7.353 Thread 0x0000000056245800 1699   !   4       com.android.dx.cf.code.RopperMachine::run (1550 bytes)

GC Heap History (6 events):
Event: 3.239 GC heap before
{Heap before GC invocations=1 (full 0):
 PSYoungGen      total 18944K, used 16384K [0x00000000eab00000, 0x00000000ec000000, 0x0000000100000000)
  eden space 16384K, 100% used [0x00000000eab00000,0x00000000ebb00000,0x00000000ebb00000)
  from space 2560K, 0% used [0x00000000ebd80000,0x00000000ebd80000,0x00000000ec000000)
  to   space 2560K, 0% used [0x00000000ebb00000,0x00000000ebb00000,0x00000000ebd80000)
 ParOldGen       total 44032K, used 0K [0x00000000c0000000, 0x00000000c2b00000, 0x00000000eab00000)
  object space 44032K, 0% used [0x00000000c0000000,0x00000000c0000000,0x00000000c2b00000)
 Metaspace       used 5893K, capacity 6744K, committed 6912K, reserved 1056768K
  class space    used 619K, capacity 656K, committed 768K, reserved 1048576K
Event: 3.439 GC heap after
Heap after GC invocations=1 (full 0):
 PSYoungGen      total 18944K, used 2551K [0x00000000eab00000, 0x00000000ed000000, 0x0000000100000000)
  eden space 16384K, 0% used [0x00000000eab00000,0x00000000eab00000,0x00000000ebb00000)
  from space 2560K, 99% used [0x00000000ebb00000,0x00000000ebd7dc78,0x00000000ebd80000)
  to   space 2560K, 0% used [0x00000000ecd80000,0x00000000ecd80000,0x00000000ed000000)
 ParOldGen       total 44032K, used 1761K [0x00000000c0000000, 0x00000000c2b00000, 0x00000000eab00000)
  object space 44032K, 3% used [0x00000000c0000000,0x00000000c01b8510,0x00000000c2b00000)
 Metaspace       used 5893K, capacity 6744K, committed 6912K, reserved 1056768K
  class space    used 619K, capacity 656K, committed 768K, reserved 1048576K
}
Event: 4.457 GC heap before
{Heap before GC invocations=2 (full 0):
 PSYoungGen      total 18944K, used 18935K [0x00000000eab00000, 0x00000000ed000000, 0x0000000100000000)
  eden space 16384K, 100% used [0x00000000eab00000,0x00000000ebb00000,0x00000000ebb00000)
  from space 2560K, 99% used [0x00000000ebb00000,0x00000000ebd7dc78,0x00000000ebd80000)
  to   space 2560K, 0% used [0x00000000ecd80000,0x00000000ecd80000,0x00000000ed000000)
 ParOldGen       total 44032K, used 1761K [0x00000000c0000000, 0x00000000c2b00000, 0x00000000eab00000)
  object space 44032K, 3% used [0x00000000c0000000,0x00000000c01b8510,0x00000000c2b00000)
 Metaspace       used 6140K, capacity 7000K, committed 7168K, reserved 1056768K
  class space    used 620K, capacity 656K, committed 768K, reserved 1048576K
Event: 4.620 GC heap after
Heap after GC invocations=2 (full 0):
 PSYoungGen      total 35328K, used 2554K [0x00000000eab00000, 0x00000000ed000000, 0x0000000100000000)
  eden space 32768K, 0% used [0x00000000eab00000,0x00000000eab00000,0x00000000ecb00000)
  from space 2560K, 99% used [0x00000000ecd80000,0x00000000ecffeaa8,0x00000000ed000000)
  to   space 2560K, 0% used [0x00000000ecb00000,0x00000000ecb00000,0x00000000ecd80000)
 ParOldGen       total 44032K, used 4181K [0x00000000c0000000, 0x00000000c2b00000, 0x00000000eab00000)
  object space 44032K, 9% used [0x00000000c0000000,0x00000000c04157a8,0x00000000c2b00000)
 Metaspace       used 6140K, capacity 7000K, committed 7168K, reserved 1056768K
  class space    used 620K, capacity 656K, committed 768K, reserved 1048576K
}
Event: 7.088 GC heap before
{Heap before GC invocations=3 (full 0):
 PSYoungGen      total 35328K, used 35322K [0x00000000eab00000, 0x00000000ed000000, 0x0000000100000000)
  eden space 32768K, 100% used [0x00000000eab00000,0x00000000ecb00000,0x00000000ecb00000)
  from space 2560K, 99% used [0x00000000ecd80000,0x00000000ecffeaa8,0x00000000ed000000)
  to   space 2560K, 0% used [0x00000000ecb00000,0x00000000ecb00000,0x00000000ecd80000)
 ParOldGen       total 44032K, used 4181K [0x00000000c0000000, 0x00000000c2b00000, 0x00000000eab00000)
  object space 44032K, 9% used [0x00000000c0000000,0x00000000c04157a8,0x00000000c2b00000)
 Metaspace       used 6339K, capacity 7128K, committed 7424K, reserved 1056768K
  class space    used 620K, capacity 656K, committed 768K, reserved 1048576K
Event: 7.109 GC heap after
Heap after GC invocations=3 (full 0):
 PSYoungGen      total 35328K, used 2528K [0x00000000eab00000, 0x00000000ed000000, 0x0000000100000000)
  eden space 32768K, 0% used [0x00000000eab00000,0x00000000eab00000,0x00000000ecb00000)
  from space 2560K, 98% used [0x00000000ecb00000,0x00000000ecd78048,0x00000000ecd80000)
  to   space 2560K, 0% used [0x00000000ecd80000,0x00000000ecd80000,0x00000000ed000000)
 ParOldGen       total 44032K, used 9203K [0x00000000c0000000, 0x00000000c2b00000, 0x00000000eab00000)
  object space 44032K, 20% used [0x00000000c0000000,0x00000000c08fcfc8,0x00000000c2b00000)
 Metaspace       used 6339K, capacity 7128K, committed 7424K, reserved 1056768K
  class space    used 620K, capacity 656K, committed 768K, reserved 1048576K
}

Deoptimization events (10 events):
Event: 5.874 Thread 0x00000000564ff000 Uncommon trap: reason=class_check action=maybe_recompile pc=0x0000000002c0ddd0 method=com.android.dx.rop.code.RegisterSpec.withSimpleType()Lcom/android/dx/rop/code/RegisterSpec; @ 6
Event: 5.882 Thread 0x0000000056503000 Uncommon trap: reason=class_check action=maybe_recompile pc=0x0000000002c0ddd0 method=com.android.dx.rop.code.RegisterSpec.withSimpleType()Lcom/android/dx/rop/code/RegisterSpec; @ 6
Event: 5.893 Thread 0x0000000056503000 Uncommon trap: reason=bimorphic action=maybe_recompile pc=0x0000000002cce1b4 method=com.android.dx.ssa.SCCP.simulatePhi(Lcom/android/dx/ssa/PhiInsn;)V @ 124
Event: 5.893 Thread 0x0000000056503000 Uncommon trap: reason=bimorphic action=maybe_recompile pc=0x0000000002cce1b4 method=com.android.dx.ssa.SCCP.simulatePhi(Lcom/android/dx/ssa/PhiInsn;)V @ 124
Event: 5.901 Thread 0x0000000056503000 Uncommon trap: reason=class_check action=maybe_recompile pc=0x0000000002c0ddd0 method=com.android.dx.rop.code.RegisterSpec.withSimpleType()Lcom/android/dx/rop/code/RegisterSpec; @ 6
Event: 7.006 Thread 0x0000000056505000 Uncommon trap: reason=bimorphic action=maybe_recompile pc=0x0000000002cce1b4 method=com.android.dx.ssa.SCCP.simulatePhi(Lcom/android/dx/ssa/PhiInsn;)V @ 124
Event: 7.006 Thread 0x0000000056505000 Uncommon trap: reason=bimorphic action=maybe_recompile pc=0x0000000002cce1b4 method=com.android.dx.ssa.SCCP.simulatePhi(Lcom/android/dx/ssa/PhiInsn;)V @ 124
Event: 7.277 Thread 0x00000000564ff000 Uncommon trap: reason=unstable_if action=reinterpret pc=0x0000000002bc0b28 method=com.android.dx.ssa.SCCP.simulateBranch(Lcom/android/dx/ssa/SsaInsn;)V @ 64
Event: 7.279 Thread 0x00000000564ff000 Uncommon trap: reason=unloaded action=reinterpret pc=0x0000000002bfcd2c method=com.android.dx.ssa.LiteralOpUpgrader$1.visitNonMoveInsn(Lcom/android/dx/ssa/NormalSsaInsn;)V @ 72
Event: 7.279 Thread 0x00000000564ff000 Uncommon trap: reason=unstable_if action=reinterpret pc=0x0000000002b2810c method=com.android.dx.ssa.SsaMethod.updateOneDefinition(Lcom/android/dx/ssa/SsaInsn;Lcom/android/dx/rop/code/RegisterSpec;)V @ 4

Internal exceptions (2 events):
Event: 0.043 Thread 0x0000000001fff000 Exception <a 'java/lang/NoSuchMethodError': Method sun.misc.Unsafe.defineClass(Ljava/lang/String;[BII)Ljava/lang/Class; name or signature does not match> (0x00000000eab07c78) thrown at [C:\re\workspace\8-2-build-windows-amd64-cygwin\jdk8u111\7883\hotspot\
Event: 0.043 Thread 0x0000000001fff000 Exception <a 'java/lang/NoSuchMethodError': Method sun.misc.Unsafe.prefetchRead(Ljava/lang/Object;J)V name or signature does not match> (0x00000000eab07f60) thrown at [C:\re\workspace\8-2-build-windows-amd64-cygwin\jdk8u111\7883\hotspot\src\share\vm\prims

Events (10 events):
Event: 7.277 Thread 0x00000000564ff000 DEOPT PACKING pc=0x0000000002bc0b28 sp=0x00000000572ce390
Event: 7.277 Thread 0x00000000564ff000 DEOPT UNPACKING pc=0x000000000270582a sp=0x00000000572ce360 mode 2
Event: 7.279 Thread 0x00000000564ff000 Uncommon trap: trap_request=0x0000004e fr.pc=0x0000000002bfcd2c
Event: 7.279 loading class com/android/dx/rop/code/RegOps
Event: 7.279 loading class com/android/dx/rop/code/RegOps done
Event: 7.279 Thread 0x00000000564ff000 DEOPT PACKING pc=0x0000000002bfcd2c sp=0x00000000572ce4f0
Event: 7.279 Thread 0x00000000564ff000 DEOPT UNPACKING pc=0x000000000270582a sp=0x00000000572ce488 mode 2
Event: 7.279 Thread 0x00000000564ff000 Uncommon trap: trap_request=0xffffff65 fr.pc=0x0000000002b2810c
Event: 7.279 Thread 0x00000000564ff000 DEOPT PACKING pc=0x0000000002b2810c sp=0x00000000572ce300
Event: 7.279 Thread 0x00000000564ff000 DEOPT UNPACKING pc=0x000000000270582a sp=0x00000000572ce2a8 mode 2


Dynamic libraries:
0x000000013fe40000 - 0x000000013fe77000 	D:\DEVEL\Java\jdk1.8.0_111\bin\java.exe
0x00000000770c0000 - 0x000000007726a000 	C:\Windows\SYSTEM32\ntdll.dll
0x0000000076fa0000 - 0x00000000770bf000 	C:\Windows\system32\kernel32.dll
0x000007fefce30000 - 0x000007fefce9a000 	C:\Windows\system32\KERNELBASE.dll
0x000007fefeb00000 - 0x000007fefebdb000 	C:\Windows\system32\ADVAPI32.dll
0x000007fefd9e0000 - 0x000007fefda7f000 	C:\Windows\system32\msvcrt.dll
0x000007feff0b0000 - 0x000007feff0cf000 	C:\Windows\SYSTEM32\sechost.dll
0x000007fefd8a0000 - 0x000007fefd9cd000 	C:\Windows\system32\RPCRT4.dll
0x0000000076ea0000 - 0x0000000076f9a000 	C:\Windows\system32\USER32.dll
0x000007fefd1b0000 - 0x000007fefd217000 	C:\Windows\system32\GDI32.dll
0x000007fefe9d0000 - 0x000007fefe9de000 	C:\Windows\system32\LPK.dll
0x000007fefd6d0000 - 0x000007fefd79a000 	C:\Windows\system32\USP10.dll
0x000007fefb800000 - 0x000007fefb9f4000 	C:\Windows\WinSxS\amd64_microsoft.windows.common-controls_6595b64144ccf1df_6.0.7601.18837_none_fa3b1e3d17594757\COMCTL32.dll
0x000007fefdb90000 - 0x000007fefdc01000 	C:\Windows\system32\SHLWAPI.dll
0x000007fefdc10000 - 0x000007fefdc3e000 	C:\Windows\system32\IMM32.DLL
0x000007fefda80000 - 0x000007fefdb89000 	C:\Windows\system32\MSCTF.dll
0x000000005a8c0000 - 0x000000005a992000 	D:\DEVEL\Java\jdk1.8.0_111\jre\bin\msvcr100.dll
0x000000005a020000 - 0x000000005a8ba000 	D:\DEVEL\Java\jdk1.8.0_111\jre\bin\server\jvm.dll
0x000007fef8210000 - 0x000007fef8219000 	C:\Windows\system32\WSOCK32.dll
0x000007fefebe0000 - 0x000007fefec2d000 	C:\Windows\system32\WS2_32.dll
0x000007fefd9d0000 - 0x000007fefd9d8000 	C:\Windows\system32\NSI.dll
0x000007fefac50000 - 0x000007fefac8b000 	C:\Windows\system32\WINMM.dll
0x000007fefbe90000 - 0x000007fefbe9c000 	C:\Windows\system32\VERSION.dll
0x0000000077290000 - 0x0000000077297000 	C:\Windows\system32\PSAPI.DLL
0x000000006a600000 - 0x000000006a60f000 	D:\DEVEL\Java\jdk1.8.0_111\jre\bin\verify.dll
0x000000006a530000 - 0x000000006a559000 	D:\DEVEL\Java\jdk1.8.0_111\jre\bin\java.dll
0x000000006a570000 - 0x000000006a586000 	D:\DEVEL\Java\jdk1.8.0_111\jre\bin\zip.dll
0x000007fefdc40000 - 0x000007fefe9ca000 	C:\Windows\system32\SHELL32.dll
0x000007fefedc0000 - 0x000007fefefc3000 	C:\Windows\system32\ole32.dll
0x000007fefcdf0000 - 0x000007fefcdff000 	C:\Windows\system32\profapi.dll

VM Arguments:
jvm_args: -Xmx1024M -Dfile.encoding=windows-1251 -Duser.country=RU -Duser.language=ru -Duser.variant 
java_command: com.android.dx.command.Main --dex --num-threads=4 --output D:\fscd\android\app\build\intermediates\pre-dexed\debug\internal_impl-23.2.1-ca0a7c8f74bd5a994737cc308505185f054d649f.jar D:\fscd\android\app\build\intermediates\exploded-aar\com.android.support\support-v4\23.2.1\jars\libs\internal_impl-23.2.1.jar
java_class_path (initial): D:\DEVEL\Android\sdk\build-tools\23.0.1\lib\dx.jar
Launcher Type: SUN_STANDARD

Environment Variables:
JAVA_HOME=D:\DEVEL\Java\jdk1.8.0_111
CLASSPATH=D:\fscd\android\\gradle\wrapper\gradle-wrapper.jar
PATH=C:\ProgramData\Oracle\Java\javapath;D:\DEVEL\Tools\Git\cmd;D:\DEVEL\ROR\RailsInstaller\Ruby2.0.0\bin;D:\DEVEL\CodeGear 2009\RAD Studio\6.0\bin;C:\Users\Public\Documents\RAD Studio\6.0\Bpl;C:\Program Files (x86)\Intel\iCLS Client\;C:\Program Files\Intel\iCLS Client\;C:\Program Files\Common Files\Microsoft Shared\Windows Live;C:\Program Files (x86)\Common Files\Microsoft Shared\Windows Live;C:\Windows\system32;C:\Windows;C:\Windows\System32\Wbem;C:\Windows\System32\WindowsPowerShell\v1.0\;C:\Program Files (x86)\Windows Live\Shared;C:\Program Files\Intel\Intel(R) Management Engine Components\DAL;C:\Program Files\Intel\Intel(R) Management Engine Components\IPT;C:\Program Files (x86)\Intel\Intel(R) Management Engine Components\DAL;C:\Program Files (x86)\Intel\Intel(R) Management Engine Components\IPT;C:\Program Files (x86)\Intel\OpenCL SDK\2.0\bin\x86;C:\Program Files (x86)\Intel\OpenCL SDK\2.0\bin\x64;C:\Program Files\Intel\WiFi\bin\;C:\Program Files\Common Files\Intel\WirelessCommon\;D:\Delphi2009\CodeGear\Delphi Prism\bin;D:\Delphi2009\CodeGear\Delphi Prism\bin;D:\DEVEL\CodeGear\Delphi Prism\bin;D:\DEVEL\CodeGear\Delphi Prism\bin;;D:\DEVEL\CodeGear 2009\Components\EurekaLog 6\Delphi12;D:\DEVEL\CodeGear 2009\Components\EurekaLog 6\CBuilder12;C:\Program Files (x86)\Microsoft SQL Server\100\Tools\Binn\;C:\Program Files (x86)\Microsoft SQL Server\100\DTS\Binn\;C:\Program Files (x86)\Skype\Phone\;D:\DEVEL\Java\jdk1.8.0_111\bin;D:\DEVEL\Android\sdk\platform-tools;D:\Program Files\Yarn\bin;C:\Program Files\nodejs\;D:\DEVEL\Tools\Heroku\bin;C:\Users\Public\Documents\RAD Studio\6.0\Bpl;C:\Program Files (x86)\OpenVPN\bin;C:\Users\1\AppData\Local\Yarn\.bin;C:\Users\1\AppData\Roaming\npm
USERNAME=1
OS=Windows_NT
PROCESSOR_IDENTIFIER=Intel64 Family 6 Model 58 Stepping 9, GenuineIntel



---------------  S Y S T E M  ---------------

OS: Windows 7 , 64 bit Build 7601 (6.1.7601.23572)

CPU:total 4 (2 cores per cpu, 2 threads per core) family 6 model 58 stepping 9, cmov, cx8, fxsr, mmx, sse, sse2, sse3, ssse3, sse4.1, sse4.2, popcnt, avx, aes, clmul, erms, ht, tsc, tscinvbit, tscinv

Memory: 4k page, physical 4077224k(207984k free), swap 8258688k(4968k free)

vm_info: Java HotSpot(TM) 64-Bit Server VM (25.111-b14) for windows-amd64 JRE (1.8.0_111-b14), built on Sep 22 2016 19:24:05 by "java_re" with MS VC++ 10.0 (VS2010)

time: Wed Jan 18 18:41:31 2017
elapsed time: 7 seconds (0d 0h 0m 7s)

